  main.cpp
c:\users\s189064\documents\github\hstk\thirdparty\flecs\flecs\flecs.hpp(361): warning C4244: 'argument': conversion from 'uint32_t' to 'float', possible loss of data
c:\users\s189064\documents\github\hstk\hstkeditor\externalstructmodual.h(10): warning C4005: 'COMPONENT': macro redefinition
  c:\users\s189064\documents\github\hstk\hstkeditor\externalstructmodual.h(8): note: see previous definition of 'COMPONENT'
c:\users\s189064\documents\github\hstk\hstkeditor\externalstructmodual.h(18): warning C4005: 'COMPONENT': macro redefinition
  c:\users\s189064\documents\github\hstk\hstkeditor\externalstructmodual.h(10): note: see previous definition of 'COMPONENT'
c:\users\s189064\documents\github\hstk\hstkeditor\rendermodual.h(11): warning C4005: 'COMPONENTS': macro redefinition
  c:\users\s189064\documents\github\hstk\hstkeditor\externalstructmodual.h(7): note: see previous definition of 'COMPONENTS'
c:\users\s189064\documents\github\hstk\hstkeditor\rendermodual.h(12): warning C4005: 'COMPONENT': macro redefinition
  c:\users\s189064\documents\github\hstk\hstkeditor\externalstructmodual.h(18): note: see previous definition of 'COMPONENT'
c:\users\s189064\documents\github\hstk\hstkeditor\rendermodual.h(14): warning C4005: 'COMPONENT': macro redefinition
  c:\users\s189064\documents\github\hstk\hstkeditor\rendermodual.h(12): note: see previous definition of 'COMPONENT'
c:\users\s189064\documents\github\hstk\hstkeditor\rendermodual.h(27): warning C4005: 'SYSTEM': macro redefinition
  c:\users\s189064\documents\github\hstk\hstkeditor\rendermodual.h(24): note: see previous definition of 'SYSTEM'
c:\users\s189064\documents\github\hstk\hstkeditor\rendermodual.h(35): warning C4018: '<': signed/unsigned mismatch
c:\users\s189064\documents\github\hstk\hstkeditor\rendermodual.h(43): warning C4018: '<': signed/unsigned mismatch
c:\users\s189064\documents\github\hstk\hstkeditor\rendermodual.h(60): warning C4018: '<': signed/unsigned mismatch
c:\users\s189064\documents\github\hstk\hstkeditor\rendermodual.h(87): warning C4005: 'SYSTEM': macro redefinition
  c:\users\s189064\documents\github\hstk\hstkeditor\rendermodual.h(27): note: see previous definition of 'SYSTEM'
c:\users\s189064\documents\github\hstk\hstkeditor\rendermodual.h(92): warning C4005: 'COMPONENT': macro redefinition
  c:\users\s189064\documents\github\hstk\hstkeditor\rendermodual.h(14): note: see previous definition of 'COMPONENT'
c:\users\s189064\documents\github\hstk\hstkeditor\editormodual.h(14): warning C4005: 'COMPONENTS': macro redefinition
  c:\users\s189064\documents\github\hstk\hstkeditor\rendermodual.h(11): note: see previous definition of 'COMPONENTS'
c:\users\s189064\documents\github\hstk\hstkeditor\editormodual.h(15): warning C4005: 'COMPONENT': macro redefinition
  c:\users\s189064\documents\github\hstk\hstkeditor\rendermodual.h(92): note: see previous definition of 'COMPONENT'
c:\users\s189064\documents\github\hstk\hstkeditor\editormodual.h(17): warning C4005: 'COMPONENT': macro redefinition
  c:\users\s189064\documents\github\hstk\hstkeditor\editormodual.h(15): note: see previous definition of 'COMPONENT'
c:\users\s189064\documents\github\hstk\hstkeditor\editormodual.h(25): warning C4005: 'SYSTEMS': macro redefinition
  c:\users\s189064\documents\github\hstk\hstkeditor\rendermodual.h(20): note: see previous definition of 'SYSTEMS'
c:\users\s189064\documents\github\hstk\hstkeditor\editormodual.h(30): warning C4005: 'SYSTEM': macro redefinition
  c:\users\s189064\documents\github\hstk\hstkeditor\rendermodual.h(87): note: see previous definition of 'SYSTEM'
c:\users\s189064\documents\github\hstk\hstkeditor\editormodual.h(33): warning C4005: 'SYSTEM': macro redefinition
  c:\users\s189064\documents\github\hstk\hstkeditor\editormodual.h(30): note: see previous definition of 'SYSTEM'
c:\users\s189064\documents\github\hstk\hstkeditor\editormodual.h(63): warning C4018: '<': signed/unsigned mismatch
c:\users\s189064\documents\github\hstk\hstkeditor\editormodual.h(80): warning C4018: '<': signed/unsigned mismatch
c:\users\s189064\documents\github\hstk\hstkeditor\editormodual.h(88): warning C4018: '<': signed/unsigned mismatch
c:\users\s189064\documents\github\hstk\hstkeditor\editormodual.h(103): warning C4244: 'initializing': conversion from 'double' to 'float', possible loss of data
c:\users\s189064\documents\github\hstk\hstkeditor\editormodual.h(108): warning C4244: 'argument': conversion from 'float' to 'int', possible loss of data
c:\users\s189064\documents\github\hstk\hstkeditor\editormodual.h(131): warning C4018: '<': signed/unsigned mismatch
c:\users\s189064\documents\github\hstk\hstkeditor\editormodual.h(132): warning C4244: 'argument': conversion from 'float' to 'int', possible loss of data
c:\users\s189064\documents\github\hstk\hstkeditor\editormodual.h(133): warning C4244: 'argument': conversion from 'float' to 'int', possible loss of data
c:\users\s189064\documents\github\hstk\hstkeditor\editormodual.h(162): warning C4005: 'SYSTEM': macro redefinition
  c:\users\s189064\documents\github\hstk\hstkeditor\editormodual.h(33): note: see previous definition of 'SYSTEM'
c:\users\s189064\documents\github\hstk\hstkeditor\editormodual.h(167): warning C4005: 'COMPONENT': macro redefinition
  c:\users\s189064\documents\github\hstk\hstkeditor\editormodual.h(17): note: see previous definition of 'COMPONENT'
c:\users\s189064\documents\github\hstk\hstkeditor\main.cpp(222): warning C4838: conversion from 'char' to 'unsigned char' requires a narrowing conversion
c:\users\s189064\documents\github\hstk\hstkeditor\main.cpp(253): warning C4244: 'argument': conversion from 'float' to 'int', possible loss of data
  Generating code
  0 of 44 functions ( 0.0%) were compiled, the rest were copied from previous compilation.
    0 functions were new in current compilation
    0 functions had inline decision re-evaluated but remain unchanged
  Finished generating code
  HSTKEditor.vcxproj -> C:\Users\s189064\Documents\GitHub\HSTK\HSTK\Release\HSTKEditor.exe
