d:\hstk\hstk\debug\externalstructmodual.i
d:\hstk\hstk\debug\main.i
d:\hstk\hstk\debug\playercontrollermodual.i
d:\hstk\hstk\debug\vc142.pdb
d:\hstk\hstk\debug\vc142.idb
d:\hstk\hstk\debug\main2.obj
d:\hstk\hstk\debug\main.obj
d:\hstk\hstk\debug\playercontrollermodual.obj
d:\hstk\hstk\debug\hstk.exe
d:\hstk\hstk\debug\hstk.pdb
e:\hstk\hstk\debug\main2.obj
e:\hstk\hstk\debug\playercontrollermodual.obj
e:\hstk\hstk\debug\vc142.idb
e:\hstk\hstk\debug\hstk.pdb
e:\hstk\hstk\debug\project1.pdb
e:\hstk\hstk\debug\vc142.pdb
e:\hstk\hstk\debug\hstk.exe
e:\hstk\hstk\debug\hstk.tlog\cl.command.1.tlog
e:\hstk\hstk\debug\hstk.tlog\cl.read.1.tlog
e:\hstk\hstk\debug\hstk.tlog\cl.write.1.tlog
e:\hstk\hstk\debug\hstk.tlog\link.11776.delete.1.tlog
e:\hstk\hstk\debug\hstk.tlog\link.12328.delete.1.tlog
e:\hstk\hstk\debug\hstk.tlog\link.13012.delete.1.tlog
e:\hstk\hstk\debug\hstk.tlog\link.1372.delete.1.tlog
e:\hstk\hstk\debug\hstk.tlog\link.13896.delete.1.tlog
e:\hstk\hstk\debug\hstk.tlog\link.14132.delete.1.tlog
e:\hstk\hstk\debug\hstk.tlog\link.1524.delete.1.tlog
e:\hstk\hstk\debug\hstk.tlog\link.16588.delete.1.tlog
e:\hstk\hstk\debug\hstk.tlog\link.18200.delete.1.tlog
e:\hstk\hstk\debug\hstk.tlog\link.19628.delete.1.tlog
e:\hstk\hstk\debug\hstk.tlog\link.1968.delete.1.tlog
e:\hstk\hstk\debug\hstk.tlog\link.3572.delete.1.tlog
e:\hstk\hstk\debug\hstk.tlog\link.command.1.tlog
e:\hstk\hstk\debug\hstk.tlog\link.read.1.tlog
e:\hstk\hstk\debug\hstk.tlog\link.write.1.tlog
