e:\hstk\project1\debug\vc142.pdb
e:\hstk\project1\debug\vc142.idb
e:\hstk\project1\debug\main.obj
e:\hstk\project1\debug\main2.obj
e:\hstk\hstk\debug\editor.pdb
e:\hstk\project1\debug\editor.tlog\cl.command.1.tlog
e:\hstk\project1\debug\editor.tlog\cl.read.1.tlog
e:\hstk\project1\debug\editor.tlog\cl.write.1.tlog
e:\hstk\project1\debug\editor.tlog\link.10028.delete.1.tlog
e:\hstk\project1\debug\editor.tlog\link.10060.delete.1.tlog
e:\hstk\project1\debug\editor.tlog\link.10156.delete.1.tlog
e:\hstk\project1\debug\editor.tlog\link.10260.delete.1.tlog
e:\hstk\project1\debug\editor.tlog\link.10272.delete.1.tlog
e:\hstk\project1\debug\editor.tlog\link.10656.delete.1.tlog
e:\hstk\project1\debug\editor.tlog\link.1076.delete.1.tlog
e:\hstk\project1\debug\editor.tlog\link.11072.delete.1.tlog
e:\hstk\project1\debug\editor.tlog\link.11224.delete.1.tlog
e:\hstk\project1\debug\editor.tlog\link.11468.delete.1.tlog
e:\hstk\project1\debug\editor.tlog\link.11688.read.1.tlog
e:\hstk\project1\debug\editor.tlog\link.11688.write.1.tlog
e:\hstk\project1\debug\editor.tlog\link.11704.delete.1.tlog
e:\hstk\project1\debug\editor.tlog\link.11844.delete.1.tlog
e:\hstk\project1\debug\editor.tlog\link.11936.delete.1.tlog
e:\hstk\project1\debug\editor.tlog\link.12092.delete.1.tlog
e:\hstk\project1\debug\editor.tlog\link.12304.delete.1.tlog
e:\hstk\project1\debug\editor.tlog\link.12584.delete.1.tlog
e:\hstk\project1\debug\editor.tlog\link.12592.delete.1.tlog
e:\hstk\project1\debug\editor.tlog\link.12636.delete.1.tlog
e:\hstk\project1\debug\editor.tlog\link.12704.delete.1.tlog
e:\hstk\project1\debug\editor.tlog\link.12816.delete.1.tlog
e:\hstk\project1\debug\editor.tlog\link.13220.delete.1.tlog
e:\hstk\project1\debug\editor.tlog\link.13372.delete.1.tlog
e:\hstk\project1\debug\editor.tlog\link.13432.delete.1.tlog
e:\hstk\project1\debug\editor.tlog\link.13608.delete.1.tlog
e:\hstk\project1\debug\editor.tlog\link.13692.delete.1.tlog
e:\hstk\project1\debug\editor.tlog\link.1424.delete.1.tlog
e:\hstk\project1\debug\editor.tlog\link.14744.delete.1.tlog
e:\hstk\project1\debug\editor.tlog\link.1480.delete.1.tlog
e:\hstk\project1\debug\editor.tlog\link.15052.delete.1.tlog
e:\hstk\project1\debug\editor.tlog\link.15320.delete.1.tlog
e:\hstk\project1\debug\editor.tlog\link.15456.delete.1.tlog
e:\hstk\project1\debug\editor.tlog\link.15572.delete.1.tlog
e:\hstk\project1\debug\editor.tlog\link.16372.delete.1.tlog
e:\hstk\project1\debug\editor.tlog\link.16376.delete.1.tlog
e:\hstk\project1\debug\editor.tlog\link.16504.delete.1.tlog
e:\hstk\project1\debug\editor.tlog\link.16700.delete.1.tlog
e:\hstk\project1\debug\editor.tlog\link.16876.delete.1.tlog
e:\hstk\project1\debug\editor.tlog\link.16960.delete.1.tlog
e:\hstk\project1\debug\editor.tlog\link.17292.delete.1.tlog
e:\hstk\project1\debug\editor.tlog\link.17520.delete.1.tlog
e:\hstk\project1\debug\editor.tlog\link.17736.delete.1.tlog
e:\hstk\project1\debug\editor.tlog\link.17952.delete.1.tlog
e:\hstk\project1\debug\editor.tlog\link.18764.delete.1.tlog
e:\hstk\project1\debug\editor.tlog\link.18812.delete.1.tlog
e:\hstk\project1\debug\editor.tlog\link.18844.delete.1.tlog
e:\hstk\project1\debug\editor.tlog\link.18980.delete.1.tlog
e:\hstk\project1\debug\editor.tlog\link.19552.delete.1.tlog
e:\hstk\project1\debug\editor.tlog\link.19604.delete.1.tlog
e:\hstk\project1\debug\editor.tlog\link.19852.delete.1.tlog
e:\hstk\project1\debug\editor.tlog\link.19868.delete.1.tlog
e:\hstk\project1\debug\editor.tlog\link.20408.delete.1.tlog
e:\hstk\project1\debug\editor.tlog\link.20604.delete.1.tlog
e:\hstk\project1\debug\editor.tlog\link.2084.delete.1.tlog
e:\hstk\project1\debug\editor.tlog\link.20844.delete.1.tlog
e:\hstk\project1\debug\editor.tlog\link.20884.delete.1.tlog
e:\hstk\project1\debug\editor.tlog\link.20940.delete.1.tlog
e:\hstk\project1\debug\editor.tlog\link.21248.delete.1.tlog
e:\hstk\project1\debug\editor.tlog\link.21564.delete.1.tlog
e:\hstk\project1\debug\editor.tlog\link.21676.delete.1.tlog
e:\hstk\project1\debug\editor.tlog\link.21748.delete.1.tlog
e:\hstk\project1\debug\editor.tlog\link.21956.delete.1.tlog
e:\hstk\project1\debug\editor.tlog\link.22668.delete.1.tlog
e:\hstk\project1\debug\editor.tlog\link.22764.delete.1.tlog
e:\hstk\project1\debug\editor.tlog\link.22840.delete.1.tlog
e:\hstk\project1\debug\editor.tlog\link.22852.delete.1.tlog
e:\hstk\project1\debug\editor.tlog\link.22880.delete.1.tlog
e:\hstk\project1\debug\editor.tlog\link.22956.delete.1.tlog
e:\hstk\project1\debug\editor.tlog\link.23132.delete.1.tlog
e:\hstk\project1\debug\editor.tlog\link.23228.delete.1.tlog
e:\hstk\project1\debug\editor.tlog\link.23404.delete.1.tlog
e:\hstk\project1\debug\editor.tlog\link.23488.delete.1.tlog
e:\hstk\project1\debug\editor.tlog\link.23500.delete.1.tlog
e:\hstk\project1\debug\editor.tlog\link.23540.delete.1.tlog
e:\hstk\project1\debug\editor.tlog\link.2736.delete.1.tlog
e:\hstk\project1\debug\editor.tlog\link.32.delete.1.tlog
e:\hstk\project1\debug\editor.tlog\link.3536.delete.1.tlog
e:\hstk\project1\debug\editor.tlog\link.3760.delete.1.tlog
e:\hstk\project1\debug\editor.tlog\link.4244.delete.1.tlog
e:\hstk\project1\debug\editor.tlog\link.4400.delete.1.tlog
e:\hstk\project1\debug\editor.tlog\link.4412.delete.1.tlog
e:\hstk\project1\debug\editor.tlog\link.5528.delete.1.tlog
e:\hstk\project1\debug\editor.tlog\link.5800.delete.1.tlog
e:\hstk\project1\debug\editor.tlog\link.5888.delete.1.tlog
e:\hstk\project1\debug\editor.tlog\link.6028.delete.1.tlog
e:\hstk\project1\debug\editor.tlog\link.6032.delete.1.tlog
e:\hstk\project1\debug\editor.tlog\link.6336.delete.1.tlog
e:\hstk\project1\debug\editor.tlog\link.6584.delete.1.tlog
e:\hstk\project1\debug\editor.tlog\link.6896.delete.1.tlog
e:\hstk\project1\debug\editor.tlog\link.7488.delete.1.tlog
e:\hstk\project1\debug\editor.tlog\link.7792.delete.1.tlog
e:\hstk\project1\debug\editor.tlog\link.8400.delete.1.tlog
e:\hstk\project1\debug\editor.tlog\link.8456.delete.1.tlog
e:\hstk\project1\debug\editor.tlog\link.8868.delete.1.tlog
e:\hstk\project1\debug\editor.tlog\link.8968.delete.1.tlog
e:\hstk\project1\debug\editor.tlog\link.9264.delete.1.tlog
e:\hstk\project1\debug\editor.tlog\link.command.1.tlog
e:\hstk\project1\debug\editor.tlog\link.read.1.tlog
e:\hstk\project1\debug\editor.tlog\link.write.1.tlog
