cl : command line warning D9002: ignoring unknown option '/showincludes'
  main.cpp
E:\HSTK\HSTK\ExternalStructModual.h(7,1): warning C4005: 'COMPONENT': macro redefinition
E:\HSTK\HSTK\ExternalStructModual.h(5): message : see previous definition of 'COMPONENT'
E:\HSTK\HSTK\ExternalStructModual.h(18,1): warning C4005: 'SYSTEM': macro redefinition
E:\HSTK\HSTK\ExternalStructModual.h(15): message : see previous definition of 'SYSTEM'
E:\HSTK\HSTK\ExternalStructModual.h(27,1): warning C4005: 'SYSTEM': macro redefinition
E:\HSTK\HSTK\ExternalStructModual.h(18): message : see previous definition of 'SYSTEM'
E:\HSTK\HSTK\ExternalStructModual.h(32,1): warning C4005: 'COMPONENT': macro redefinition
E:\HSTK\HSTK\ExternalStructModual.h(7): message : see previous definition of 'COMPONENT'
E:\HSTK\HSTK\RenderModual.h(11,1): warning C4005: 'COMPONENTS': macro redefinition
E:\HSTK\HSTK\ExternalStructModual.h(4): message : see previous definition of 'COMPONENTS'
E:\HSTK\HSTK\RenderModual.h(12,1): warning C4005: 'COMPONENT': macro redefinition
E:\HSTK\HSTK\ExternalStructModual.h(32): message : see previous definition of 'COMPONENT'
E:\HSTK\HSTK\RenderModual.h(14,1): warning C4005: 'COMPONENT': macro redefinition
E:\HSTK\HSTK\RenderModual.h(12): message : see previous definition of 'COMPONENT'
E:\HSTK\HSTK\RenderModual.h(20,1): warning C4005: 'SYSTEMS': macro redefinition
E:\HSTK\HSTK\ExternalStructModual.h(11): message : see previous definition of 'SYSTEMS'
E:\HSTK\HSTK\RenderModual.h(24,1): warning C4005: 'SYSTEM': macro redefinition
E:\HSTK\HSTK\ExternalStructModual.h(27): message : see previous definition of 'SYSTEM'
E:\HSTK\HSTK\RenderModual.h(27,1): warning C4005: 'SYSTEM': macro redefinition
E:\HSTK\HSTK\RenderModual.h(24): message : see previous definition of 'SYSTEM'
E:\HSTK\HSTK\RenderModual.h(35,22): warning C4018: '<': signed/unsigned mismatch
E:\HSTK\HSTK\RenderModual.h(43,33): warning C4018: '<': signed/unsigned mismatch
E:\HSTK\HSTK\RenderModual.h(60,33): warning C4018: '<': signed/unsigned mismatch
E:\HSTK\HSTK\RenderModual.h(87,1): warning C4005: 'SYSTEM': macro redefinition
E:\HSTK\HSTK\RenderModual.h(27): message : see previous definition of 'SYSTEM'
E:\HSTK\HSTK\RenderModual.h(92,1): warning C4005: 'COMPONENT': macro redefinition
E:\HSTK\HSTK\RenderModual.h(14): message : see previous definition of 'COMPONENT'
  PlayerControllerModual.h
E:\HSTK\HSTK\PlayerControllerModual.h(38,1): warning C4010: single-line comment contains line-continuation character
E:\HSTK\HSTK\PlayerControllerModual.h(39,1): warning C4010: single-line comment contains line-continuation character
E:\HSTK\HSTK\PlayerControllerModual.h(57,1): warning C4005: 'COMPONENT': macro redefinition
E:\HSTK\HSTK\PlayerControllerModual.h(55): message : see previous definition of 'COMPONENT'
E:\HSTK\HSTK\PlayerControllerModual.h(73,1): warning C4005: 'SYSTEM': macro redefinition
E:\HSTK\HSTK\PlayerControllerModual.h(70): message : see previous definition of 'SYSTEM'
E:\HSTK\HSTK\PlayerControllerModual.h(143,1): warning C4005: 'SYSTEM': macro redefinition
E:\HSTK\HSTK\PlayerControllerModual.h(73): message : see previous definition of 'SYSTEM'
E:\HSTK\HSTK\PlayerControllerModual.h(148,1): warning C4005: 'COMPONENT': macro redefinition
E:\HSTK\HSTK\PlayerControllerModual.h(57): message : see previous definition of 'COMPONENT'
  Generating code
  15 of 731 functions ( 2.1%) were compiled, the rest were copied from previous compilation.
    0 functions were new in current compilation
    16 functions had inline decision re-evaluated but remain unchanged
  Finished generating code
  HSTK.vcxproj -> E:\HSTK\HSTK\Release\HSTK.exe
